Arguments: 
  C:\Program Files\nodejs\node.exe C:\Users\25386-zhangjc\AppData\Roaming\npm\node_modules\yarn\bin\yarn.js publish --force-publish url2md

PATH: 
  D:\Program Files\cmder\bin;D:\Program Files\cmder\vendor\conemu-maximus5\ConEmu\Scripts;D:\Program Files\cmder\vendor\conemu-maximus5;D:\Program Files\cmder\vendor\conemu-maximus5\ConEmu;C:\Program Files (x86)\Intel\Intel(R) Management Engine Components\iCLS\;C:\Program Files\Intel\Intel(R) Management Engine Components\iCLS\;C:\WINDOWS\system32;C:\WINDOWS;C:\WINDOWS\System32\Wbem;C:\WINDOWS\System32\WindowsPowerShell\v1.0\;C:\Program Files (x86)\Intel\Intel(R) Management Engine Components\DAL;C:\Program Files\Intel\Intel(R) Management Engine Components\DAL;C:\Program Files (x86)\Intel\Intel(R) Management Engine Components\IPT;C:\Program Files\Intel\Intel(R) Management Engine Components\IPT;C:\Program Files\Git\cmd;C:\Program Files\Microsoft VS Code\bin;C:\WINDOWS\System32\OpenSSH\;C:\Program Files\Java\jdk-11.0.1\bin;C:\Program Files\Java\jdk-11.0.1\jre\bin;C:\Python27;C:\Users\25386-zhangjc\AppData\Roaming\npm;C:\Program Files\nodejs\;C:\Users\25386-zhangjc\AppData\Local\Programs\Python\Python37\Scripts\;C:\Users\25386-zhangjc\AppData\Local\Programs\Python\Python37\;C:\Program Files\MySQL\MySQL Shell 8.0\bin\;C:\Program Files\MySQL\MySQL Server 8.0\bin;;C:\Users\25386-zhangjc\AppData\Local\Microsoft\WindowsApps;C:\Users\25386-zhangjc\AppData\Local\Programs\Fiddler;D:\Program Files (x86)\Fiddler;C:\Users\25386-zhangjc\AppData\Roaming\npm;%USERPROFILE%\AppData\Local\Microsoft\WindowsApps;C:\Program Files\Git\usr\bin;C:\Program Files\Git\usr\share\vim\vim74;D:\Program Files\cmder\

Yarn version: 
  1.22.4

Node version: 
  14.8.0

Platform: 
  win32 x64

Trace: 
  SyntaxError: D:\workspace\cli-lerna\package.json: Unexpected token / in JSON at position 22
      at JSON.parse (<anonymous>)
      at C:\Users\25386-zhangjc\AppData\Roaming\npm\node_modules\yarn\lib\cli.js:1625:59
      at Generator.next (<anonymous>)
      at step (C:\Users\25386-zhangjc\AppData\Roaming\npm\node_modules\yarn\lib\cli.js:310:30)
      at C:\Users\25386-zhangjc\AppData\Roaming\npm\node_modules\yarn\lib\cli.js:321:13

npm manifest: 
  {
    "name": "root",
    // "private": true,
    "workspaces": [
      "packages/*"
    ],
    "devDependencies": {
      "lerna": "^3.22.1"
    }
  }

yarn manifest: 
  No manifest

Lockfile: 
  No lockfile
